Determining if the pthread_create exist failed with the following output:
Change Dir: /home/ubuntu/Documents/pcl_demos/4PCL_concatenate_fields (copy)/build/CMakeFiles/CMakeTmp

Run Build Command:"/usr/bin/make" "cmTC_9d486/fast"
/usr/bin/make -f CMakeFiles/cmTC_9d486.dir/build.make CMakeFiles/cmTC_9d486.dir/build
make[1]: Entering directory '/home/ubuntu/Documents/pcl_demos/4PCL_concatenate_fields (copy)/build/CMakeFiles/CMakeTmp'
Building C object CMakeFiles/cmTC_9d486.dir/CheckSymbolExists.c.o
/usr/bin/cc     -o CMakeFiles/cmTC_9d486.dir/CheckSymbolExists.c.o   -c "/home/ubuntu/Documents/pcl_demos/4PCL_concatenate_fields (copy)/build/CMakeFiles/CMakeTmp/CheckSymbolExists.c"
Linking C executable cmTC_9d486
/usr/bin/cmake -E cmake_link_script CMakeFiles/cmTC_9d486.dir/link.txt --verbose=1
/usr/bin/cc       CMakeFiles/cmTC_9d486.dir/CheckSymbolExists.c.o  -o cmTC_9d486 -rdynamic 
CMakeFiles/cmTC_9d486.dir/CheckSymbolExists.c.o: In function `main':
CheckSymbolExists.c:(.text+0x16): undefined reference to `pthread_create'
collect2: error: ld returned 1 exit status
CMakeFiles/cmTC_9d486.dir/build.make:97: recipe for target 'cmTC_9d486' failed
make[1]: *** [cmTC_9d486] Error 1
make[1]: Leaving directory '/home/ubuntu/Documents/pcl_demos/4PCL_concatenate_fields (copy)/build/CMakeFiles/CMakeTmp'
Makefile:126: recipe for target 'cmTC_9d486/fast' failed
make: *** [cmTC_9d486/fast] Error 2

File /home/ubuntu/Documents/pcl_demos/4PCL_concatenate_fields (copy)/build/CMakeFiles/CMakeTmp/CheckSymbolExists.c:
/* */
#include <pthread.h>

int main(int argc, char** argv)
{
  (void)argv;
#ifndef pthread_create
  return ((int*)(&pthread_create))[argc];
#else
  (void)argc;
  return 0;
#endif
}

Determining if the function pthread_create exists in the pthreads failed with the following output:
Change Dir: /home/ubuntu/Documents/pcl_demos/4PCL_concatenate_fields (copy)/build/CMakeFiles/CMakeTmp

Run Build Command:"/usr/bin/make" "cmTC_d41eb/fast"
/usr/bin/make -f CMakeFiles/cmTC_d41eb.dir/build.make CMakeFiles/cmTC_d41eb.dir/build
make[1]: Entering directory '/home/ubuntu/Documents/pcl_demos/4PCL_concatenate_fields (copy)/build/CMakeFiles/CMakeTmp'
Building C object CMakeFiles/cmTC_d41eb.dir/CheckFunctionExists.c.o
/usr/bin/cc    -DCHECK_FUNCTION_EXISTS=pthread_create   -o CMakeFiles/cmTC_d41eb.dir/CheckFunctionExists.c.o   -c /usr/share/cmake-3.5/Modules/CheckFunctionExists.c
Linking C executable cmTC_d41eb
/usr/bin/cmake -E cmake_link_script CMakeFiles/cmTC_d41eb.dir/link.txt --verbose=1
/usr/bin/cc   -DCHECK_FUNCTION_EXISTS=pthread_create    CMakeFiles/cmTC_d41eb.dir/CheckFunctionExists.c.o  -o cmTC_d41eb -rdynamic -lpthreads 
/usr/bin/ld: cannot find -lpthreads
collect2: error: ld returned 1 exit status
CMakeFiles/cmTC_d41eb.dir/build.make:97: recipe for target 'cmTC_d41eb' failed
make[1]: *** [cmTC_d41eb] Error 1
make[1]: Leaving directory '/home/ubuntu/Documents/pcl_demos/4PCL_concatenate_fields (copy)/build/CMakeFiles/CMakeTmp'
Makefile:126: recipe for target 'cmTC_d41eb/fast' failed
make: *** [cmTC_d41eb/fast] Error 2


