Determining if the pthread_create exist failed with the following output:
Change Dir: /home/ubuntu/Documents/pcl_demos/14PCL_radius_outlier_removal/build/CMakeFiles/CMakeTmp

Run Build Command:"/usr/bin/make" "cmTC_b3716/fast"
/usr/bin/make -f CMakeFiles/cmTC_b3716.dir/build.make CMakeFiles/cmTC_b3716.dir/build
make[1]: Entering directory '/home/ubuntu/Documents/pcl_demos/14PCL_radius_outlier_removal/build/CMakeFiles/CMakeTmp'
Building C object CMakeFiles/cmTC_b3716.dir/CheckSymbolExists.c.o
/usr/bin/cc     -o CMakeFiles/cmTC_b3716.dir/CheckSymbolExists.c.o   -c /home/ubuntu/Documents/pcl_demos/14PCL_radius_outlier_removal/build/CMakeFiles/CMakeTmp/CheckSymbolExists.c
Linking C executable cmTC_b3716
/usr/bin/cmake -E cmake_link_script CMakeFiles/cmTC_b3716.dir/link.txt --verbose=1
/usr/bin/cc       CMakeFiles/cmTC_b3716.dir/CheckSymbolExists.c.o  -o cmTC_b3716 -rdynamic 
CMakeFiles/cmTC_b3716.dir/CheckSymbolExists.c.o: In function `main':
CheckSymbolExists.c:(.text+0x16): undefined reference to `pthread_create'
collect2: error: ld returned 1 exit status
CMakeFiles/cmTC_b3716.dir/build.make:97: recipe for target 'cmTC_b3716' failed
make[1]: *** [cmTC_b3716] Error 1
make[1]: Leaving directory '/home/ubuntu/Documents/pcl_demos/14PCL_radius_outlier_removal/build/CMakeFiles/CMakeTmp'
Makefile:126: recipe for target 'cmTC_b3716/fast' failed
make: *** [cmTC_b3716/fast] Error 2

File /home/ubuntu/Documents/pcl_demos/14PCL_radius_outlier_removal/build/CMakeFiles/CMakeTmp/CheckSymbolExists.c:
/* */
#include <pthread.h>

int main(int argc, char** argv)
{
  (void)argv;
#ifndef pthread_create
  return ((int*)(&pthread_create))[argc];
#else
  (void)argc;
  return 0;
#endif
}

Determining if the function pthread_create exists in the pthreads failed with the following output:
Change Dir: /home/ubuntu/Documents/pcl_demos/14PCL_radius_outlier_removal/build/CMakeFiles/CMakeTmp

Run Build Command:"/usr/bin/make" "cmTC_572aa/fast"
/usr/bin/make -f CMakeFiles/cmTC_572aa.dir/build.make CMakeFiles/cmTC_572aa.dir/build
make[1]: Entering directory '/home/ubuntu/Documents/pcl_demos/14PCL_radius_outlier_removal/build/CMakeFiles/CMakeTmp'
Building C object CMakeFiles/cmTC_572aa.dir/CheckFunctionExists.c.o
/usr/bin/cc    -DCHECK_FUNCTION_EXISTS=pthread_create   -o CMakeFiles/cmTC_572aa.dir/CheckFunctionExists.c.o   -c /usr/share/cmake-3.5/Modules/CheckFunctionExists.c
Linking C executable cmTC_572aa
/usr/bin/cmake -E cmake_link_script CMakeFiles/cmTC_572aa.dir/link.txt --verbose=1
/usr/bin/cc   -DCHECK_FUNCTION_EXISTS=pthread_create    CMakeFiles/cmTC_572aa.dir/CheckFunctionExists.c.o  -o cmTC_572aa -rdynamic -lpthreads 
/usr/bin/ld: cannot find -lpthreads
collect2: error: ld returned 1 exit status
CMakeFiles/cmTC_572aa.dir/build.make:97: recipe for target 'cmTC_572aa' failed
make[1]: *** [cmTC_572aa] Error 1
make[1]: Leaving directory '/home/ubuntu/Documents/pcl_demos/14PCL_radius_outlier_removal/build/CMakeFiles/CMakeTmp'
Makefile:126: recipe for target 'cmTC_572aa/fast' failed
make: *** [cmTC_572aa/fast] Error 2


