Determining if the pthread_create exist failed with the following output:
Change Dir: /home/ubuntu/Documents/pcl_demos/15PCL_statistical_outlier_removal (copy)/build/CMakeFiles/CMakeTmp

Run Build Command:"/usr/bin/make" "cmTC_3445b/fast"
/usr/bin/make -f CMakeFiles/cmTC_3445b.dir/build.make CMakeFiles/cmTC_3445b.dir/build
make[1]: Entering directory '/home/ubuntu/Documents/pcl_demos/15PCL_statistical_outlier_removal (copy)/build/CMakeFiles/CMakeTmp'
Building C object CMakeFiles/cmTC_3445b.dir/CheckSymbolExists.c.o
/usr/bin/cc     -o CMakeFiles/cmTC_3445b.dir/CheckSymbolExists.c.o   -c "/home/ubuntu/Documents/pcl_demos/15PCL_statistical_outlier_removal (copy)/build/CMakeFiles/CMakeTmp/CheckSymbolExists.c"
Linking C executable cmTC_3445b
/usr/bin/cmake -E cmake_link_script CMakeFiles/cmTC_3445b.dir/link.txt --verbose=1
/usr/bin/cc       CMakeFiles/cmTC_3445b.dir/CheckSymbolExists.c.o  -o cmTC_3445b -rdynamic 
CMakeFiles/cmTC_3445b.dir/CheckSymbolExists.c.o: In function `main':
CheckSymbolExists.c:(.text+0x16): undefined reference to `pthread_create'
collect2: error: ld returned 1 exit status
CMakeFiles/cmTC_3445b.dir/build.make:97: recipe for target 'cmTC_3445b' failed
make[1]: *** [cmTC_3445b] Error 1
make[1]: Leaving directory '/home/ubuntu/Documents/pcl_demos/15PCL_statistical_outlier_removal (copy)/build/CMakeFiles/CMakeTmp'
Makefile:126: recipe for target 'cmTC_3445b/fast' failed
make: *** [cmTC_3445b/fast] Error 2

File /home/ubuntu/Documents/pcl_demos/15PCL_statistical_outlier_removal (copy)/build/CMakeFiles/CMakeTmp/CheckSymbolExists.c:
/* */
#include <pthread.h>

int main(int argc, char** argv)
{
  (void)argv;
#ifndef pthread_create
  return ((int*)(&pthread_create))[argc];
#else
  (void)argc;
  return 0;
#endif
}

Determining if the function pthread_create exists in the pthreads failed with the following output:
Change Dir: /home/ubuntu/Documents/pcl_demos/15PCL_statistical_outlier_removal (copy)/build/CMakeFiles/CMakeTmp

Run Build Command:"/usr/bin/make" "cmTC_c29cc/fast"
/usr/bin/make -f CMakeFiles/cmTC_c29cc.dir/build.make CMakeFiles/cmTC_c29cc.dir/build
make[1]: Entering directory '/home/ubuntu/Documents/pcl_demos/15PCL_statistical_outlier_removal (copy)/build/CMakeFiles/CMakeTmp'
Building C object CMakeFiles/cmTC_c29cc.dir/CheckFunctionExists.c.o
/usr/bin/cc    -DCHECK_FUNCTION_EXISTS=pthread_create   -o CMakeFiles/cmTC_c29cc.dir/CheckFunctionExists.c.o   -c /usr/share/cmake-3.5/Modules/CheckFunctionExists.c
Linking C executable cmTC_c29cc
/usr/bin/cmake -E cmake_link_script CMakeFiles/cmTC_c29cc.dir/link.txt --verbose=1
/usr/bin/cc   -DCHECK_FUNCTION_EXISTS=pthread_create    CMakeFiles/cmTC_c29cc.dir/CheckFunctionExists.c.o  -o cmTC_c29cc -rdynamic -lpthreads 
/usr/bin/ld: cannot find -lpthreads
collect2: error: ld returned 1 exit status
CMakeFiles/cmTC_c29cc.dir/build.make:97: recipe for target 'cmTC_c29cc' failed
make[1]: *** [cmTC_c29cc] Error 1
make[1]: Leaving directory '/home/ubuntu/Documents/pcl_demos/15PCL_statistical_outlier_removal (copy)/build/CMakeFiles/CMakeTmp'
Makefile:126: recipe for target 'cmTC_c29cc/fast' failed
make: *** [cmTC_c29cc/fast] Error 2


