Determining if the pthread_create exist failed with the following output:
Change Dir: /home/student/Documents/pcl_works/pcl_demos /9PCL_estimate_normals/build/CMakeFiles/CMakeTmp

Run Build Command:"/usr/bin/make" "cmTC_79b1c/fast"
/usr/bin/make -f CMakeFiles/cmTC_79b1c.dir/build.make CMakeFiles/cmTC_79b1c.dir/build
make[1]: Entering directory '/home/student/Documents/pcl_works/pcl_demos /9PCL_estimate_normals/build/CMakeFiles/CMakeTmp'
Building C object CMakeFiles/cmTC_79b1c.dir/CheckSymbolExists.c.o
/usr/bin/cc     -o CMakeFiles/cmTC_79b1c.dir/CheckSymbolExists.c.o   -c "/home/student/Documents/pcl_works/pcl_demos /9PCL_estimate_normals/build/CMakeFiles/CMakeTmp/CheckSymbolExists.c"
Linking C executable cmTC_79b1c
/usr/bin/cmake -E cmake_link_script CMakeFiles/cmTC_79b1c.dir/link.txt --verbose=1
/usr/bin/cc       CMakeFiles/cmTC_79b1c.dir/CheckSymbolExists.c.o  -o cmTC_79b1c -rdynamic 
CMakeFiles/cmTC_79b1c.dir/CheckSymbolExists.c.o: In function `main':
CheckSymbolExists.c:(.text+0x16): undefined reference to `pthread_create'
collect2: error: ld returned 1 exit status
CMakeFiles/cmTC_79b1c.dir/build.make:97: recipe for target 'cmTC_79b1c' failed
make[1]: *** [cmTC_79b1c] Error 1
make[1]: Leaving directory '/home/student/Documents/pcl_works/pcl_demos /9PCL_estimate_normals/build/CMakeFiles/CMakeTmp'
Makefile:126: recipe for target 'cmTC_79b1c/fast' failed
make: *** [cmTC_79b1c/fast] Error 2

File /home/student/Documents/pcl_works/pcl_demos /9PCL_estimate_normals/build/CMakeFiles/CMakeTmp/CheckSymbolExists.c:
/* */
#include <pthread.h>

int main(int argc, char** argv)
{
  (void)argv;
#ifndef pthread_create
  return ((int*)(&pthread_create))[argc];
#else
  (void)argc;
  return 0;
#endif
}

Determining if the function pthread_create exists in the pthreads failed with the following output:
Change Dir: /home/student/Documents/pcl_works/pcl_demos /9PCL_estimate_normals/build/CMakeFiles/CMakeTmp

Run Build Command:"/usr/bin/make" "cmTC_333dd/fast"
/usr/bin/make -f CMakeFiles/cmTC_333dd.dir/build.make CMakeFiles/cmTC_333dd.dir/build
make[1]: Entering directory '/home/student/Documents/pcl_works/pcl_demos /9PCL_estimate_normals/build/CMakeFiles/CMakeTmp'
Building C object CMakeFiles/cmTC_333dd.dir/CheckFunctionExists.c.o
/usr/bin/cc    -DCHECK_FUNCTION_EXISTS=pthread_create   -o CMakeFiles/cmTC_333dd.dir/CheckFunctionExists.c.o   -c /usr/share/cmake-3.5/Modules/CheckFunctionExists.c
Linking C executable cmTC_333dd
/usr/bin/cmake -E cmake_link_script CMakeFiles/cmTC_333dd.dir/link.txt --verbose=1
/usr/bin/cc   -DCHECK_FUNCTION_EXISTS=pthread_create    CMakeFiles/cmTC_333dd.dir/CheckFunctionExists.c.o  -o cmTC_333dd -rdynamic -lpthreads 
/usr/bin/ld: cannot find -lpthreads
collect2: error: ld returned 1 exit status
CMakeFiles/cmTC_333dd.dir/build.make:97: recipe for target 'cmTC_333dd' failed
make[1]: *** [cmTC_333dd] Error 1
make[1]: Leaving directory '/home/student/Documents/pcl_works/pcl_demos /9PCL_estimate_normals/build/CMakeFiles/CMakeTmp'
Makefile:126: recipe for target 'cmTC_333dd/fast' failed
make: *** [cmTC_333dd/fast] Error 2


