Determining if the pthread_create exist failed with the following output:
Change Dir: /home/student/Documents/pcl_works/pcl_demos /a/build/CMakeFiles/CMakeTmp

Run Build Command:"/usr/bin/make" "cmTC_24ff7/fast"
/usr/bin/make -f CMakeFiles/cmTC_24ff7.dir/build.make CMakeFiles/cmTC_24ff7.dir/build
make[1]: Entering directory '/home/student/Documents/pcl_works/pcl_demos /a/build/CMakeFiles/CMakeTmp'
Building C object CMakeFiles/cmTC_24ff7.dir/CheckSymbolExists.c.o
/usr/bin/cc     -o CMakeFiles/cmTC_24ff7.dir/CheckSymbolExists.c.o   -c "/home/student/Documents/pcl_works/pcl_demos /a/build/CMakeFiles/CMakeTmp/CheckSymbolExists.c"
Linking C executable cmTC_24ff7
/usr/bin/cmake -E cmake_link_script CMakeFiles/cmTC_24ff7.dir/link.txt --verbose=1
/usr/bin/cc       CMakeFiles/cmTC_24ff7.dir/CheckSymbolExists.c.o  -o cmTC_24ff7 -rdynamic 
CMakeFiles/cmTC_24ff7.dir/CheckSymbolExists.c.o: In function `main':
CheckSymbolExists.c:(.text+0x16): undefined reference to `pthread_create'
collect2: error: ld returned 1 exit status
CMakeFiles/cmTC_24ff7.dir/build.make:97: recipe for target 'cmTC_24ff7' failed
make[1]: *** [cmTC_24ff7] Error 1
make[1]: Leaving directory '/home/student/Documents/pcl_works/pcl_demos /a/build/CMakeFiles/CMakeTmp'
Makefile:126: recipe for target 'cmTC_24ff7/fast' failed
make: *** [cmTC_24ff7/fast] Error 2

File /home/student/Documents/pcl_works/pcl_demos /a/build/CMakeFiles/CMakeTmp/CheckSymbolExists.c:
/* */
#include <pthread.h>

int main(int argc, char** argv)
{
  (void)argv;
#ifndef pthread_create
  return ((int*)(&pthread_create))[argc];
#else
  (void)argc;
  return 0;
#endif
}

Determining if the function pthread_create exists in the pthreads failed with the following output:
Change Dir: /home/student/Documents/pcl_works/pcl_demos /a/build/CMakeFiles/CMakeTmp

Run Build Command:"/usr/bin/make" "cmTC_43ade/fast"
/usr/bin/make -f CMakeFiles/cmTC_43ade.dir/build.make CMakeFiles/cmTC_43ade.dir/build
make[1]: Entering directory '/home/student/Documents/pcl_works/pcl_demos /a/build/CMakeFiles/CMakeTmp'
Building C object CMakeFiles/cmTC_43ade.dir/CheckFunctionExists.c.o
/usr/bin/cc    -DCHECK_FUNCTION_EXISTS=pthread_create   -o CMakeFiles/cmTC_43ade.dir/CheckFunctionExists.c.o   -c /usr/share/cmake-3.5/Modules/CheckFunctionExists.c
Linking C executable cmTC_43ade
/usr/bin/cmake -E cmake_link_script CMakeFiles/cmTC_43ade.dir/link.txt --verbose=1
/usr/bin/cc   -DCHECK_FUNCTION_EXISTS=pthread_create    CMakeFiles/cmTC_43ade.dir/CheckFunctionExists.c.o  -o cmTC_43ade -rdynamic -lpthreads 
/usr/bin/ld: cannot find -lpthreads
collect2: error: ld returned 1 exit status
CMakeFiles/cmTC_43ade.dir/build.make:97: recipe for target 'cmTC_43ade' failed
make[1]: *** [cmTC_43ade] Error 1
make[1]: Leaving directory '/home/student/Documents/pcl_works/pcl_demos /a/build/CMakeFiles/CMakeTmp'
Makefile:126: recipe for target 'cmTC_43ade/fast' failed
make: *** [cmTC_43ade/fast] Error 2


